burgundies 10010170
rekeying 10007973
portray 10007235
nurslings 10007037
selfrestraint 10006857
paczki 10006202
gladiatorial 10005987
midstory 10005805
nethertheless 10005805
infectiously 10005063
suffisant 10004918
actualism 10004877
tchick 10004410
hicksville 10004343
overthrown 10004243
mastaba 10004139
halfbrilliant 10003686
minisode 10003650
quantificational 10003614
badminton 10003480
verdured 10003328
complie 10002959
geophysics 10002846
profitlessly 10002549
awaited 10002383
tumbledry 10002115
distancepost 10001786
reoriented 10001564
indybay 10001523
catalan 10001522
monochronic 10001392
shipwrecks 10001095
nopes 10000762
arrayed 10000746
predated 10000518
chinups 10000501
sessional 10000392
metalized 10000390
guinea 10000296
dashiki 10000267
hegel 10000240
songsters 10000236
pocketflasks 10000198
flits 10000180
mouldboard 10000164
undecillion 10000088
bodywide 10000007
unresolved 9999915
stuckists 9999866
screentone 9999802
craterous 9999779
compartments 9999626
cuyahoga 9999615
falls 9999615
rebill 9999593
terrorhaunted 9999552
percolators 9999430
kings 9999360
coldie 9999353
bantered 9999271
dragstrips 9999228
notifiers 9999151
cajones 9999063
underwater 9999032
piscine 9998995
retributive 9998804
leggiadro 9998792
composts 9998636
configurator 9998511
stealing 9998410
anime 9998305
arginase 9998069
shakhty 9997998
dotfile 9997992
ripoff 9997952
redoubling 9997817
sinistrously 9997758
eyeshade 9997730
cardindex 9997706
shostakovich 9997408
debased 9997326
plumeless 9997219
yacks 9997123
garbo 9997065
shone 9997030
assegai 9996965
nebulosus 9996846
biffins 9996254
infosphere 9995606
serologically 9995430
schnoz 9994856
concomitancy 9994846
jumpable 9994594
malbecs 9994503
abdomen 9994396
forefeet 9994166
accusingly 9993758
idolizing 9993729
bumblebee 9992761
greaseball 9992304
islands 9991163
pitcairn 9991163
